<?xml version="1.0" encoding="UTF-8"?>
<testsuite xmlns:xsi="http://www.w3.org/2001/XMLSchema-instance" xsi:noNamespaceSchemaLocation="https://maven.apache.org/surefire/maven-surefire-plugin/xsd/surefire-test-report-3.0.xsd" version="3.0" name="com.quantcast.cookieanalyzer.CookieLogProcessorTest" time="0.077" tests="7" errors="0" skipped="0" failures="0">
  <properties>
[...]
</properties>
  <testcase name="testFindMostActiveCookiesNoMatches" classname="com.quantcast.cookieanalyzer.CookieLogProcessorTest" time="0.046">
    <system-err><![CDATA[Nov 11, 2024 2:06:33 PM com.quantcast.cookieanalyzer.CookieLogProcessor findMostActiveCookies
INFO: No cookies found for the specified date: 2018-12-10
]]></system-err>
  </testcase>
  <testcase name="testFindMostActiveCookiesSameCookieMultipleDates" classname="com.quantcast.cookieanalyzer.CookieLogProcessorTest" time="0.004">
    <system-err><![CDATA[Nov 11, 2024 2:06:33 PM com.quantcast.cookieanalyzer.CookieLogProcessor findMostActiveCookies
INFO: Found 1 most active cookie(s) with frequency 2 on 2018-12-09.
]]></system-err>
  </testcase>
  <testcase name="testFindMostActiveCookiesWithTies" classname="com.quantcast.cookieanalyzer.CookieLogProcessorTest" time="0.001">
    <system-err><![CDATA[Nov 11, 2024 2:06:33 PM com.quantcast.cookieanalyzer.CookieLogProcessor findMostActiveCookies
INFO: Found 2 most active cookie(s) with frequency 2 on 2018-12-09.
]]></system-err>
  </testcase>
  <testcase name="testFindMostActiveCookiesUniqueCookies" classname="com.quantcast.cookieanalyzer.CookieLogProcessorTest" time="0.001">
    <system-err><![CDATA[Nov 11, 2024 2:06:33 PM com.quantcast.cookieanalyzer.CookieLogProcessor findMostActiveCookies
INFO: Found 3 most active cookie(s) with frequency 1 on 2018-12-09.
]]></system-err>
  </testcase>
  <testcase name="testFindMostActiveCookies" classname="com.quantcast.cookieanalyzer.CookieLogProcessorTest" time="0.002">
    <system-err><![CDATA[Nov 11, 2024 2:06:33 PM com.quantcast.cookieanalyzer.CookieLogProcessor findMostActiveCookies
INFO: Found 1 most active cookie(s) with frequency 2 on 2018-12-09.
]]></system-err>
  </testcase>
  <testcase name="testFindMostActiveCookiesAcrossMultipleDates" classname="com.quantcast.cookieanalyzer.CookieLogProcessorTest" time="0.001">
    <system-err><![CDATA[Nov 11, 2024 2:06:33 PM com.quantcast.cookieanalyzer.CookieLogProcessor findMostActiveCookies
INFO: Found 1 most active cookie(s) with frequency 2 on 2018-12-09.
]]></system-err>
  </testcase>
  <testcase name="testFindMostActiveCookiesWithEmptyList" classname="com.quantcast.cookieanalyzer.CookieLogProcessorTest" time="0.001">
    <system-err><![CDATA[Nov 11, 2024 2:06:33 PM com.quantcast.cookieanalyzer.CookieLogProcessor findMostActiveCookies
WARNING: Cookie entries list is null or empty. Returning empty result.
]]></system-err>
  </testcase>
</testsuite>